cat
du(1), 
file(1), 
nl
look(1),  who(1), and wc(1)
lam, paste, column
who, whoami
top -o cpu
pbcopy
/usr/share/dict/words
test
help
[[ -s unix_tools_tut ]] && echo $?
ls | tr 
xargs

!-n    Refer to the current command line minus n.
!!     Refer to the previous command.  This is a synonym for `!-1'.
!string
      Refer to the most recent command starting with string.
!?string[?] ++++ M-^ expands it so you can check
      Refer to the most recent command containing string.  The trailing ? may be omitted if string is followed immediately by a newline.


-- Remove everything that isn't tracked
(git ls-tree -r master --name-only; ls -a | grep -v .git | grep -Ev "\.$";) | sort | uniq -u | xargs rm

-- List all dtrace scripts (http://dtrace.org/blogs/brendan/2011/10/10/top-10-dtrace-scripts-for-mac-os-x/)
man -P 'cat' -k dtrace

-- Implement tee with redirects (NOT IMPLEMENTED)
echo "asdfs" | pbcopy 3<&0 0>

-- Interactively remove untracked files
git clean -fi

-- Convert between file encodings
iconv -f encoding -t encoding

-- List the bits!
xxd -b

-- Get file encoding 
file -I path/to/file | cut -d : -f 1

-- Lose first 3 and the last 2 
tail -n +3 | head -n -2

-- execute program with priority (-20,20), where lower is more priority
-- kind of a white lie, essentially this runs 'nice' at that priority
-- which passes on the priority to the subprocess started by program
-- it `nicely` takes a lower priority for itself
nice -n {priority} program args

3/27
read http://jackschaedler.github.io/circles-sines-signals/sampling3.html 
learned about digital signal processing

3/28
read http://www.qnx.com/developers/docs/6.4.1/neutrino/getting_started/s1_procs.html
a mutex is a semaphore is a rw_lock

-- Find all the "words" in a partially text file
strings libreadline.6.dylib | tr "\n " " "

-- The bc calculator for good math support in bash
bc <<< "$(date +%Y) + 3"

-- Side by side diff
sdiff as bs

-- Search for env var
printenv | grep VAR

-- Kill by name, rather than PID
killall -9 python

3/29
define parity : a synonym for equality, "strive for parity in education"
define acrimony : bitterness or ill feeling, "fueling acrimony between pro and anti-union groups"

